-- The C compiler identification is GNU 11.4.0
-- The CXX compiler identification is GNU 11.4.0
-- Detecting C compiler ABI info
-- Detecting C compiler ABI info - done
-- Check for working C compiler: /usr/bin/cc - skipped
-- Detecting C compile features
-- Detecting C compile features - done
-- Detecting CXX compiler ABI info
-- Detecting CXX compiler ABI info - done
-- Check for working CXX compiler: /usr/bin/c++ - skipped
-- Detecting CXX compile features
-- Detecting CXX compile features - done
-- Found ament_cmake: 1.3.11 (/opt/ros/humble/share/ament_cmake/cmake)
-- Found Python3: /usr/bin/python3 (found version "3.10.12") found components: Interpreter 
-- Found ament_lint_auto: 0.12.11 (/opt/ros/humble/share/ament_lint_auto/cmake)
-- Added test 'lint_cmake' to check CMake code style
-- Added test 'xmllint' to check XML markup files
-- Configuring done
-- Generating done
-- Build files have been written to: /home/genis/Desktop/sdv_ws/src/Autonomous_dynamic_path_planning/build/graph_waypoints_creation
-- Install configuration: ""
-- Installing: /home/genis/Desktop/sdv_ws/src/Autonomous_dynamic_path_planning/install/graph_waypoints_creation/share/ament_index/resource_index/package_run_dependencies/graph_waypoints_creation
-- Installing: /home/genis/Desktop/sdv_ws/src/Autonomous_dynamic_path_planning/install/graph_waypoints_creation/share/ament_index/resource_index/parent_prefix_path/graph_waypoints_creation
-- Installing: /home/genis/Desktop/sdv_ws/src/Autonomous_dynamic_path_planning/install/graph_waypoints_creation/share/graph_waypoints_creation/environment/ament_prefix_path.sh
-- Installing: /home/genis/Desktop/sdv_ws/src/Autonomous_dynamic_path_planning/install/graph_waypoints_creation/share/graph_waypoints_creation/environment/ament_prefix_path.dsv
-- Installing: /home/genis/Desktop/sdv_ws/src/Autonomous_dynamic_path_planning/install/graph_waypoints_creation/share/graph_waypoints_creation/environment/path.sh
-- Installing: /home/genis/Desktop/sdv_ws/src/Autonomous_dynamic_path_planning/install/graph_waypoints_creation/share/graph_waypoints_creation/environment/path.dsv
-- Installing: /home/genis/Desktop/sdv_ws/src/Autonomous_dynamic_path_planning/install/graph_waypoints_creation/share/graph_waypoints_creation/local_setup.bash
-- Installing: /home/genis/Desktop/sdv_ws/src/Autonomous_dynamic_path_planning/install/graph_waypoints_creation/share/graph_waypoints_creation/local_setup.sh
-- Installing: /home/genis/Desktop/sdv_ws/src/Autonomous_dynamic_path_planning/install/graph_waypoints_creation/share/graph_waypoints_creation/local_setup.zsh
-- Installing: /home/genis/Desktop/sdv_ws/src/Autonomous_dynamic_path_planning/install/graph_waypoints_creation/share/graph_waypoints_creation/local_setup.dsv
-- Installing: /home/genis/Desktop/sdv_ws/src/Autonomous_dynamic_path_planning/install/graph_waypoints_creation/share/graph_waypoints_creation/package.dsv
-- Installing: /home/genis/Desktop/sdv_ws/src/Autonomous_dynamic_path_planning/install/graph_waypoints_creation/share/ament_index/resource_index/packages/graph_waypoints_creation
-- Installing: /home/genis/Desktop/sdv_ws/src/Autonomous_dynamic_path_planning/install/graph_waypoints_creation/share/graph_waypoints_creation/cmake/graph_waypoints_creationConfig.cmake
-- Installing: /home/genis/Desktop/sdv_ws/src/Autonomous_dynamic_path_planning/install/graph_waypoints_creation/share/graph_waypoints_creation/cmake/graph_waypoints_creationConfig-version.cmake
-- Installing: /home/genis/Desktop/sdv_ws/src/Autonomous_dynamic_path_planning/install/graph_waypoints_creation/share/graph_waypoints_creation/package.xml
