[0.010s] Invoking command in '/home/genis/Desktop/sdv_ws/src/Autonomous_dynamic_path_planning/build/graph_waypoints_creation': CMAKE_PREFIX_PATH=/opt/ros/humble /usr/bin/cmake /home/genis/Desktop/sdv_ws/src/Autonomous_dynamic_path_planning/graph_waypoints_creation -DCMAKE_INSTALL_PREFIX=/home/genis/Desktop/sdv_ws/src/Autonomous_dynamic_path_planning/install/graph_waypoints_creation
[0.114s] -- The C compiler identification is GNU 11.4.0
[0.219s] -- The CXX compiler identification is GNU 11.4.0
[0.228s] -- Detecting C compiler ABI info
[0.299s] -- Detecting C compiler ABI info - done
[0.304s] -- Check for working C compiler: /usr/bin/cc - skipped
[0.304s] -- Detecting C compile features
[0.305s] -- Detecting C compile features - done
[0.308s] -- Detecting CXX compiler ABI info
[0.383s] -- Detecting CXX compiler ABI info - done
[0.388s] -- Check for working CXX compiler: /usr/bin/c++ - skipped
[0.388s] -- Detecting CXX compile features
[0.388s] -- Detecting CXX compile features - done
[0.391s] -- Found ament_cmake: 1.3.11 (/opt/ros/humble/share/ament_cmake/cmake)
[0.508s] -- Found Python3: /usr/bin/python3 (found version "3.10.12") found components: Interpreter 
[0.586s] -- Found ament_lint_auto: 0.12.11 (/opt/ros/humble/share/ament_lint_auto/cmake)
[0.654s] -- Added test 'lint_cmake' to check CMake code style
[0.655s] -- Added test 'xmllint' to check XML markup files
[0.656s] -- Configuring done
[0.659s] -- Generating done
[0.660s] -- Build files have been written to: /home/genis/Desktop/sdv_ws/src/Autonomous_dynamic_path_planning/build/graph_waypoints_creation
[0.665s] Invoked command in '/home/genis/Desktop/sdv_ws/src/Autonomous_dynamic_path_planning/build/graph_waypoints_creation' returned '0': CMAKE_PREFIX_PATH=/opt/ros/humble /usr/bin/cmake /home/genis/Desktop/sdv_ws/src/Autonomous_dynamic_path_planning/graph_waypoints_creation -DCMAKE_INSTALL_PREFIX=/home/genis/Desktop/sdv_ws/src/Autonomous_dynamic_path_planning/install/graph_waypoints_creation
[0.667s] Invoking command in '/home/genis/Desktop/sdv_ws/src/Autonomous_dynamic_path_planning/build/graph_waypoints_creation': CMAKE_PREFIX_PATH=/opt/ros/humble /usr/bin/cmake --build /home/genis/Desktop/sdv_ws/src/Autonomous_dynamic_path_planning/build/graph_waypoints_creation -- -j16 -l16
[0.705s] Invoked command in '/home/genis/Desktop/sdv_ws/src/Autonomous_dynamic_path_planning/build/graph_waypoints_creation' returned '0': CMAKE_PREFIX_PATH=/opt/ros/humble /usr/bin/cmake --build /home/genis/Desktop/sdv_ws/src/Autonomous_dynamic_path_planning/build/graph_waypoints_creation -- -j16 -l16
[0.715s] Invoking command in '/home/genis/Desktop/sdv_ws/src/Autonomous_dynamic_path_planning/build/graph_waypoints_creation': CMAKE_PREFIX_PATH=/opt/ros/humble /usr/bin/cmake --install /home/genis/Desktop/sdv_ws/src/Autonomous_dynamic_path_planning/build/graph_waypoints_creation
[0.722s] -- Install configuration: ""
[0.722s] -- Installing: /home/genis/Desktop/sdv_ws/src/Autonomous_dynamic_path_planning/install/graph_waypoints_creation/share/ament_index/resource_index/package_run_dependencies/graph_waypoints_creation
[0.723s] -- Installing: /home/genis/Desktop/sdv_ws/src/Autonomous_dynamic_path_planning/install/graph_waypoints_creation/share/ament_index/resource_index/parent_prefix_path/graph_waypoints_creation
[0.723s] -- Installing: /home/genis/Desktop/sdv_ws/src/Autonomous_dynamic_path_planning/install/graph_waypoints_creation/share/graph_waypoints_creation/environment/ament_prefix_path.sh
[0.723s] -- Installing: /home/genis/Desktop/sdv_ws/src/Autonomous_dynamic_path_planning/install/graph_waypoints_creation/share/graph_waypoints_creation/environment/ament_prefix_path.dsv
[0.723s] -- Installing: /home/genis/Desktop/sdv_ws/src/Autonomous_dynamic_path_planning/install/graph_waypoints_creation/share/graph_waypoints_creation/environment/path.sh
[0.723s] -- Installing: /home/genis/Desktop/sdv_ws/src/Autonomous_dynamic_path_planning/install/graph_waypoints_creation/share/graph_waypoints_creation/environment/path.dsv
[0.723s] -- Installing: /home/genis/Desktop/sdv_ws/src/Autonomous_dynamic_path_planning/install/graph_waypoints_creation/share/graph_waypoints_creation/local_setup.bash
[0.724s] -- Installing: /home/genis/Desktop/sdv_ws/src/Autonomous_dynamic_path_planning/install/graph_waypoints_creation/share/graph_waypoints_creation/local_setup.sh
[0.724s] -- Installing: /home/genis/Desktop/sdv_ws/src/Autonomous_dynamic_path_planning/install/graph_waypoints_creation/share/graph_waypoints_creation/local_setup.zsh
[0.724s] -- Installing: /home/genis/Desktop/sdv_ws/src/Autonomous_dynamic_path_planning/install/graph_waypoints_creation/share/graph_waypoints_creation/local_setup.dsv
[0.724s] -- Installing: /home/genis/Desktop/sdv_ws/src/Autonomous_dynamic_path_planning/install/graph_waypoints_creation/share/graph_waypoints_creation/package.dsv
[0.724s] -- Installing: /home/genis/Desktop/sdv_ws/src/Autonomous_dynamic_path_planning/install/graph_waypoints_creation/share/ament_index/resource_index/packages/graph_waypoints_creation
[0.724s] -- Installing: /home/genis/Desktop/sdv_ws/src/Autonomous_dynamic_path_planning/install/graph_waypoints_creation/share/graph_waypoints_creation/cmake/graph_waypoints_creationConfig.cmake
[0.724s] -- Installing: /home/genis/Desktop/sdv_ws/src/Autonomous_dynamic_path_planning/install/graph_waypoints_creation/share/graph_waypoints_creation/cmake/graph_waypoints_creationConfig-version.cmake
[0.725s] -- Installing: /home/genis/Desktop/sdv_ws/src/Autonomous_dynamic_path_planning/install/graph_waypoints_creation/share/graph_waypoints_creation/package.xml
[0.727s] Invoked command in '/home/genis/Desktop/sdv_ws/src/Autonomous_dynamic_path_planning/build/graph_waypoints_creation' returned '0': CMAKE_PREFIX_PATH=/opt/ros/humble /usr/bin/cmake --install /home/genis/Desktop/sdv_ws/src/Autonomous_dynamic_path_planning/build/graph_waypoints_creation
