[0.125s] DEBUG:colcon:Command line arguments: ['/usr/bin/colcon', 'build', '--packages-select', 'graph_waypoints_creation']
[0.125s] DEBUG:colcon:Parsed command line arguments: Namespace(log_base=None, log_level=None, verb_name='build', build_base='build', install_base='install', merge_install=False, symlink_install=False, test_result_base=None, continue_on_error=False, executor='parallel', parallel_workers=16, event_handlers=None, ignore_user_meta=False, metas=['./colcon.meta'], base_paths=['.'], packages_ignore=None, packages_ignore_regex=None, paths=None, packages_up_to=None, packages_up_to_regex=None, packages_above=None, packages_above_and_dependencies=None, packages_above_depth=None, packages_select_by_dep=None, packages_skip_by_dep=None, packages_skip_up_to=None, packages_select_build_failed=False, packages_skip_build_finished=False, packages_select_test_failures=False, packages_skip_test_passed=False, packages_select=['graph_waypoints_creation'], packages_skip=None, packages_select_regex=None, packages_skip_regex=None, packages_start=None, packages_end=None, allow_overriding=[], cmake_args=None, cmake_target=None, cmake_target_skip_unavailable=False, cmake_clean_cache=False, cmake_clean_first=False, cmake_force_configure=False, ament_cmake_args=None, catkin_cmake_args=None, catkin_skip_building_tests=False, mixin_files=None, mixin=None, verb_parser=<colcon_mixin.mixin.mixin_argument.MixinArgumentDecorator object at 0x78b7480e1840>, verb_extension=<colcon_core.verb.build.BuildVerb object at 0x78b7482767d0>, main=<bound method BuildVerb.main of <colcon_core.verb.build.BuildVerb object at 0x78b7482767d0>>, mixin_verb=('build',))
[0.339s] Level 1:colcon.colcon_core.package_discovery:discover_packages(colcon_meta) check parameters
[0.339s] Level 1:colcon.colcon_core.package_discovery:discover_packages(recursive) check parameters
[0.339s] Level 1:colcon.colcon_core.package_discovery:discover_packages(ignore) check parameters
[0.339s] Level 1:colcon.colcon_core.package_discovery:discover_packages(path) check parameters
[0.339s] Level 1:colcon.colcon_core.package_discovery:discover_packages(colcon_meta) discover
[0.339s] Level 1:colcon.colcon_core.package_discovery:discover_packages(recursive) discover
[0.339s] INFO:colcon.colcon_core.package_discovery:Crawling recursively for packages in '/home/genis/Desktop/sdv_ws/src/Autonomous_dynamic_path_planning'
[0.339s] Level 1:colcon.colcon_core.package_identification:_identify(.) by extensions ['ignore', 'ignore_ament_install']
[0.339s] Level 1:colcon.colcon_core.package_identification:_identify(.) by extension 'ignore'
[0.339s] Level 1:colcon.colcon_core.package_identification:_identify(.) by extension 'ignore_ament_install'
[0.340s] Level 1:colcon.colcon_core.package_identification:_identify(.) by extensions ['colcon_pkg']
[0.340s] Level 1:colcon.colcon_core.package_identification:_identify(.) by extension 'colcon_pkg'
[0.340s] Level 1:colcon.colcon_core.package_identification:_identify(.) by extensions ['colcon_meta']
[0.340s] Level 1:colcon.colcon_core.package_identification:_identify(.) by extension 'colcon_meta'
[0.340s] Level 1:colcon.colcon_core.package_identification:_identify(.) by extensions ['ros']
[0.340s] Level 1:colcon.colcon_core.package_identification:_identify(.) by extension 'ros'
[0.347s] Level 1:colcon.colcon_core.package_identification:_identify(.) by extensions ['cmake', 'python']
[0.347s] Level 1:colcon.colcon_core.package_identification:_identify(.) by extension 'cmake'
[0.347s] Level 1:colcon.colcon_core.package_identification:_identify(.) by extension 'python'
[0.347s] Level 1:colcon.colcon_core.package_identification:_identify(.) by extensions ['python_setup_py']
[0.347s] Level 1:colcon.colcon_core.package_identification:_identify(.) by extension 'python_setup_py'
[0.347s] Level 1:colcon.colcon_core.package_identification:_identify(build) by extensions ['ignore', 'ignore_ament_install']
[0.347s] Level 1:colcon.colcon_core.package_identification:_identify(build) by extension 'ignore'
[0.347s] Level 1:colcon.colcon_core.package_identification:_identify(build) ignored
[0.348s] Level 1:colcon.colcon_core.package_identification:_identify(dynamic_hybrid_path_planning) by extensions ['ignore', 'ignore_ament_install']
[0.348s] Level 1:colcon.colcon_core.package_identification:_identify(dynamic_hybrid_path_planning) by extension 'ignore'
[0.348s] Level 1:colcon.colcon_core.package_identification:_identify(dynamic_hybrid_path_planning) by extension 'ignore_ament_install'
[0.348s] Level 1:colcon.colcon_core.package_identification:_identify(dynamic_hybrid_path_planning) by extensions ['colcon_pkg']
[0.348s] Level 1:colcon.colcon_core.package_identification:_identify(dynamic_hybrid_path_planning) by extension 'colcon_pkg'
[0.348s] Level 1:colcon.colcon_core.package_identification:_identify(dynamic_hybrid_path_planning) by extensions ['colcon_meta']
[0.348s] Level 1:colcon.colcon_core.package_identification:_identify(dynamic_hybrid_path_planning) by extension 'colcon_meta'
[0.348s] Level 1:colcon.colcon_core.package_identification:_identify(dynamic_hybrid_path_planning) by extensions ['ros']
[0.348s] Level 1:colcon.colcon_core.package_identification:_identify(dynamic_hybrid_path_planning) by extension 'ros'
[0.353s] DEBUG:colcon.colcon_core.package_identification:Package 'dynamic_hybrid_path_planning' with type 'ros.ament_cmake' and name 'dynamic_hybrid_path_planning'
[0.353s] Level 1:colcon.colcon_core.package_identification:_identify(global_dynamic_launcher) by extensions ['ignore', 'ignore_ament_install']
[0.353s] Level 1:colcon.colcon_core.package_identification:_identify(global_dynamic_launcher) by extension 'ignore'
[0.353s] Level 1:colcon.colcon_core.package_identification:_identify(global_dynamic_launcher) by extension 'ignore_ament_install'
[0.353s] Level 1:colcon.colcon_core.package_identification:_identify(global_dynamic_launcher) by extensions ['colcon_pkg']
[0.353s] Level 1:colcon.colcon_core.package_identification:_identify(global_dynamic_launcher) by extension 'colcon_pkg'
[0.353s] Level 1:colcon.colcon_core.package_identification:_identify(global_dynamic_launcher) by extensions ['colcon_meta']
[0.353s] Level 1:colcon.colcon_core.package_identification:_identify(global_dynamic_launcher) by extension 'colcon_meta'
[0.353s] Level 1:colcon.colcon_core.package_identification:_identify(global_dynamic_launcher) by extensions ['ros']
[0.353s] Level 1:colcon.colcon_core.package_identification:_identify(global_dynamic_launcher) by extension 'ros'
[0.354s] DEBUG:colcon.colcon_core.package_identification:Package 'global_dynamic_launcher' with type 'ros.ament_cmake' and name 'global_dynamic_launcher'
[0.354s] Level 1:colcon.colcon_core.package_identification:_identify(graph_waypoints_creation) by extensions ['ignore', 'ignore_ament_install']
[0.354s] Level 1:colcon.colcon_core.package_identification:_identify(graph_waypoints_creation) by extension 'ignore'
[0.354s] Level 1:colcon.colcon_core.package_identification:_identify(graph_waypoints_creation) by extension 'ignore_ament_install'
[0.354s] Level 1:colcon.colcon_core.package_identification:_identify(graph_waypoints_creation) by extensions ['colcon_pkg']
[0.354s] Level 1:colcon.colcon_core.package_identification:_identify(graph_waypoints_creation) by extension 'colcon_pkg'
[0.354s] Level 1:colcon.colcon_core.package_identification:_identify(graph_waypoints_creation) by extensions ['colcon_meta']
[0.354s] Level 1:colcon.colcon_core.package_identification:_identify(graph_waypoints_creation) by extension 'colcon_meta'
[0.354s] Level 1:colcon.colcon_core.package_identification:_identify(graph_waypoints_creation) by extensions ['ros']
[0.354s] Level 1:colcon.colcon_core.package_identification:_identify(graph_waypoints_creation) by extension 'ros'
[0.354s] DEBUG:colcon.colcon_core.package_identification:Package 'graph_waypoints_creation' with type 'ros.ament_cmake' and name 'graph_waypoints_creation'
[0.354s] Level 1:colcon.colcon_core.package_identification:_identify(install) by extensions ['ignore', 'ignore_ament_install']
[0.355s] Level 1:colcon.colcon_core.package_identification:_identify(install) by extension 'ignore'
[0.355s] Level 1:colcon.colcon_core.package_identification:_identify(install) ignored
[0.355s] Level 1:colcon.colcon_core.package_identification:_identify(lidar_ground_getter) by extensions ['ignore', 'ignore_ament_install']
[0.355s] Level 1:colcon.colcon_core.package_identification:_identify(lidar_ground_getter) by extension 'ignore'
[0.355s] Level 1:colcon.colcon_core.package_identification:_identify(lidar_ground_getter) by extension 'ignore_ament_install'
[0.355s] Level 1:colcon.colcon_core.package_identification:_identify(lidar_ground_getter) by extensions ['colcon_pkg']
[0.355s] Level 1:colcon.colcon_core.package_identification:_identify(lidar_ground_getter) by extension 'colcon_pkg'
[0.355s] Level 1:colcon.colcon_core.package_identification:_identify(lidar_ground_getter) by extensions ['colcon_meta']
[0.355s] Level 1:colcon.colcon_core.package_identification:_identify(lidar_ground_getter) by extension 'colcon_meta'
[0.355s] Level 1:colcon.colcon_core.package_identification:_identify(lidar_ground_getter) by extensions ['ros']
[0.355s] Level 1:colcon.colcon_core.package_identification:_identify(lidar_ground_getter) by extension 'ros'
[0.356s] DEBUG:colcon.colcon_core.package_identification:Package 'lidar_ground_getter' with type 'ros.ament_cmake' and name 'lidar_ground_getter'
[0.356s] Level 1:colcon.colcon_core.package_identification:_identify(local_path_planning) by extensions ['ignore', 'ignore_ament_install']
[0.356s] Level 1:colcon.colcon_core.package_identification:_identify(local_path_planning) by extension 'ignore'
[0.356s] Level 1:colcon.colcon_core.package_identification:_identify(local_path_planning) by extension 'ignore_ament_install'
[0.356s] Level 1:colcon.colcon_core.package_identification:_identify(local_path_planning) by extensions ['colcon_pkg']
[0.356s] Level 1:colcon.colcon_core.package_identification:_identify(local_path_planning) by extension 'colcon_pkg'
[0.356s] Level 1:colcon.colcon_core.package_identification:_identify(local_path_planning) by extensions ['colcon_meta']
[0.356s] Level 1:colcon.colcon_core.package_identification:_identify(local_path_planning) by extension 'colcon_meta'
[0.356s] Level 1:colcon.colcon_core.package_identification:_identify(local_path_planning) by extensions ['ros']
[0.356s] Level 1:colcon.colcon_core.package_identification:_identify(local_path_planning) by extension 'ros'
[0.356s] DEBUG:colcon.colcon_core.package_identification:Package 'local_path_planning' with type 'ros.ament_cmake' and name 'local_path_planning'
[0.357s] Level 1:colcon.colcon_core.package_identification:_identify(log) by extensions ['ignore', 'ignore_ament_install']
[0.357s] Level 1:colcon.colcon_core.package_identification:_identify(log) by extension 'ignore'
[0.357s] Level 1:colcon.colcon_core.package_identification:_identify(log) ignored
[0.357s] Level 1:colcon.colcon_core.package_identification:_identify(obstacle_proximity) by extensions ['ignore', 'ignore_ament_install']
[0.357s] Level 1:colcon.colcon_core.package_identification:_identify(obstacle_proximity) by extension 'ignore'
[0.357s] Level 1:colcon.colcon_core.package_identification:_identify(obstacle_proximity) by extension 'ignore_ament_install'
[0.357s] Level 1:colcon.colcon_core.package_identification:_identify(obstacle_proximity) by extensions ['colcon_pkg']
[0.357s] Level 1:colcon.colcon_core.package_identification:_identify(obstacle_proximity) by extension 'colcon_pkg'
[0.357s] Level 1:colcon.colcon_core.package_identification:_identify(obstacle_proximity) by extensions ['colcon_meta']
[0.357s] Level 1:colcon.colcon_core.package_identification:_identify(obstacle_proximity) by extension 'colcon_meta'
[0.357s] Level 1:colcon.colcon_core.package_identification:_identify(obstacle_proximity) by extensions ['ros']
[0.357s] Level 1:colcon.colcon_core.package_identification:_identify(obstacle_proximity) by extension 'ros'
[0.357s] DEBUG:colcon.colcon_core.package_identification:Package 'obstacle_proximity' with type 'ros.ament_cmake' and name 'obstacle_proximity'
[0.358s] Level 1:colcon.colcon_core.package_identification:_identify(obstacles_information_msgs) by extensions ['ignore', 'ignore_ament_install']
[0.358s] Level 1:colcon.colcon_core.package_identification:_identify(obstacles_information_msgs) by extension 'ignore'
[0.358s] Level 1:colcon.colcon_core.package_identification:_identify(obstacles_information_msgs) by extension 'ignore_ament_install'
[0.358s] Level 1:colcon.colcon_core.package_identification:_identify(obstacles_information_msgs) by extensions ['colcon_pkg']
[0.358s] Level 1:colcon.colcon_core.package_identification:_identify(obstacles_information_msgs) by extension 'colcon_pkg'
[0.358s] Level 1:colcon.colcon_core.package_identification:_identify(obstacles_information_msgs) by extensions ['colcon_meta']
[0.358s] Level 1:colcon.colcon_core.package_identification:_identify(obstacles_information_msgs) by extension 'colcon_meta'
[0.358s] Level 1:colcon.colcon_core.package_identification:_identify(obstacles_information_msgs) by extensions ['ros']
[0.358s] Level 1:colcon.colcon_core.package_identification:_identify(obstacles_information_msgs) by extension 'ros'
[0.360s] DEBUG:colcon.colcon_core.package_identification:Package 'obstacles_information_msgs' with type 'ros.ament_cmake' and name 'obstacles_information_msgs'
[0.360s] Level 1:colcon.colcon_core.package_identification:_identify(point_cloud_package) by extensions ['ignore', 'ignore_ament_install']
[0.360s] Level 1:colcon.colcon_core.package_identification:_identify(point_cloud_package) by extension 'ignore'
[0.360s] Level 1:colcon.colcon_core.package_identification:_identify(point_cloud_package) by extension 'ignore_ament_install'
[0.360s] Level 1:colcon.colcon_core.package_identification:_identify(point_cloud_package) by extensions ['colcon_pkg']
[0.360s] Level 1:colcon.colcon_core.package_identification:_identify(point_cloud_package) by extension 'colcon_pkg'
[0.360s] Level 1:colcon.colcon_core.package_identification:_identify(point_cloud_package) by extensions ['colcon_meta']
[0.360s] Level 1:colcon.colcon_core.package_identification:_identify(point_cloud_package) by extension 'colcon_meta'
[0.360s] Level 1:colcon.colcon_core.package_identification:_identify(point_cloud_package) by extensions ['ros']
[0.360s] Level 1:colcon.colcon_core.package_identification:_identify(point_cloud_package) by extension 'ros'
[0.360s] DEBUG:colcon.colcon_core.package_identification:Package 'point_cloud_package' with type 'ros.ament_cmake' and name 'point_cloud_package'
[0.360s] Level 1:colcon.colcon_core.package_identification:_identify(pointcloud_clustering) by extensions ['ignore', 'ignore_ament_install']
[0.361s] Level 1:colcon.colcon_core.package_identification:_identify(pointcloud_clustering) by extension 'ignore'
[0.361s] Level 1:colcon.colcon_core.package_identification:_identify(pointcloud_clustering) by extension 'ignore_ament_install'
[0.361s] Level 1:colcon.colcon_core.package_identification:_identify(pointcloud_clustering) by extensions ['colcon_pkg']
[0.361s] Level 1:colcon.colcon_core.package_identification:_identify(pointcloud_clustering) by extension 'colcon_pkg'
[0.361s] Level 1:colcon.colcon_core.package_identification:_identify(pointcloud_clustering) by extensions ['colcon_meta']
[0.361s] Level 1:colcon.colcon_core.package_identification:_identify(pointcloud_clustering) by extension 'colcon_meta'
[0.361s] Level 1:colcon.colcon_core.package_identification:_identify(pointcloud_clustering) by extensions ['ros']
[0.361s] Level 1:colcon.colcon_core.package_identification:_identify(pointcloud_clustering) by extension 'ros'
[0.361s] DEBUG:colcon.colcon_core.package_identification:Package 'pointcloud_clustering' with type 'ros.ament_cmake' and name 'pointcloud_clustering'
[0.361s] Level 1:colcon.colcon_core.package_identification:_identify(trajectory_obstacle_checker) by extensions ['ignore', 'ignore_ament_install']
[0.361s] Level 1:colcon.colcon_core.package_identification:_identify(trajectory_obstacle_checker) by extension 'ignore'
[0.361s] Level 1:colcon.colcon_core.package_identification:_identify(trajectory_obstacle_checker) by extension 'ignore_ament_install'
[0.361s] Level 1:colcon.colcon_core.package_identification:_identify(trajectory_obstacle_checker) by extensions ['colcon_pkg']
[0.361s] Level 1:colcon.colcon_core.package_identification:_identify(trajectory_obstacle_checker) by extension 'colcon_pkg'
[0.361s] Level 1:colcon.colcon_core.package_identification:_identify(trajectory_obstacle_checker) by extensions ['colcon_meta']
[0.361s] Level 1:colcon.colcon_core.package_identification:_identify(trajectory_obstacle_checker) by extension 'colcon_meta'
[0.361s] Level 1:colcon.colcon_core.package_identification:_identify(trajectory_obstacle_checker) by extensions ['ros']
[0.361s] Level 1:colcon.colcon_core.package_identification:_identify(trajectory_obstacle_checker) by extension 'ros'
[0.362s] DEBUG:colcon.colcon_core.package_identification:Package 'trajectory_obstacle_checker' with type 'ros.ament_cmake' and name 'trajectory_obstacle_checker'
[0.362s] Level 1:colcon.colcon_core.package_identification:_identify(velocity_pub) by extensions ['ignore', 'ignore_ament_install']
[0.362s] Level 1:colcon.colcon_core.package_identification:_identify(velocity_pub) by extension 'ignore'
[0.362s] Level 1:colcon.colcon_core.package_identification:_identify(velocity_pub) by extension 'ignore_ament_install'
[0.362s] Level 1:colcon.colcon_core.package_identification:_identify(velocity_pub) by extensions ['colcon_pkg']
[0.362s] Level 1:colcon.colcon_core.package_identification:_identify(velocity_pub) by extension 'colcon_pkg'
[0.362s] Level 1:colcon.colcon_core.package_identification:_identify(velocity_pub) by extensions ['colcon_meta']
[0.362s] Level 1:colcon.colcon_core.package_identification:_identify(velocity_pub) by extension 'colcon_meta'
[0.362s] Level 1:colcon.colcon_core.package_identification:_identify(velocity_pub) by extensions ['ros']
[0.362s] Level 1:colcon.colcon_core.package_identification:_identify(velocity_pub) by extension 'ros'
[0.363s] DEBUG:colcon.colcon_core.package_identification:Package 'velocity_pub' with type 'ros.ament_cmake' and name 'velocity_pub'
[0.363s] Level 1:colcon.colcon_core.package_identification:_identify(voxel_grid_filter) by extensions ['ignore', 'ignore_ament_install']
[0.363s] Level 1:colcon.colcon_core.package_identification:_identify(voxel_grid_filter) by extension 'ignore'
[0.363s] Level 1:colcon.colcon_core.package_identification:_identify(voxel_grid_filter) by extension 'ignore_ament_install'
[0.363s] Level 1:colcon.colcon_core.package_identification:_identify(voxel_grid_filter) by extensions ['colcon_pkg']
[0.363s] Level 1:colcon.colcon_core.package_identification:_identify(voxel_grid_filter) by extension 'colcon_pkg'
[0.363s] Level 1:colcon.colcon_core.package_identification:_identify(voxel_grid_filter) by extensions ['colcon_meta']
[0.363s] Level 1:colcon.colcon_core.package_identification:_identify(voxel_grid_filter) by extension 'colcon_meta'
[0.363s] Level 1:colcon.colcon_core.package_identification:_identify(voxel_grid_filter) by extensions ['ros']
[0.363s] Level 1:colcon.colcon_core.package_identification:_identify(voxel_grid_filter) by extension 'ros'
[0.364s] DEBUG:colcon.colcon_core.package_identification:Package 'voxel_grid_filter' with type 'ros.ament_cmake' and name 'voxel_grid_filter'
[0.364s] Level 1:colcon.colcon_core.package_discovery:discover_packages(recursive) using defaults
[0.364s] Level 1:colcon.colcon_core.package_discovery:discover_packages(ignore) discover
[0.364s] Level 1:colcon.colcon_core.package_discovery:discover_packages(ignore) using defaults
[0.364s] Level 1:colcon.colcon_core.package_discovery:discover_packages(path) discover
[0.364s] Level 1:colcon.colcon_core.package_discovery:discover_packages(path) using defaults
[0.400s] INFO:colcon.colcon_core.package_selection:Skipping not selected package 'dynamic_hybrid_path_planning' in 'dynamic_hybrid_path_planning'
[0.400s] INFO:colcon.colcon_core.package_selection:Skipping not selected package 'global_dynamic_launcher' in 'global_dynamic_launcher'
[0.400s] INFO:colcon.colcon_core.package_selection:Skipping not selected package 'lidar_ground_getter' in 'lidar_ground_getter'
[0.400s] INFO:colcon.colcon_core.package_selection:Skipping not selected package 'local_path_planning' in 'local_path_planning'
[0.400s] INFO:colcon.colcon_core.package_selection:Skipping not selected package 'obstacle_proximity' in 'obstacle_proximity'
[0.400s] INFO:colcon.colcon_core.package_selection:Skipping not selected package 'obstacles_information_msgs' in 'obstacles_information_msgs'
[0.400s] INFO:colcon.colcon_core.package_selection:Skipping not selected package 'point_cloud_package' in 'point_cloud_package'
[0.400s] INFO:colcon.colcon_core.package_selection:Skipping not selected package 'pointcloud_clustering' in 'pointcloud_clustering'
[0.400s] INFO:colcon.colcon_core.package_selection:Skipping not selected package 'trajectory_obstacle_checker' in 'trajectory_obstacle_checker'
[0.400s] INFO:colcon.colcon_core.package_selection:Skipping not selected package 'velocity_pub' in 'velocity_pub'
[0.400s] INFO:colcon.colcon_core.package_selection:Skipping not selected package 'voxel_grid_filter' in 'voxel_grid_filter'
[0.400s] Level 1:colcon.colcon_core.package_discovery:discover_packages(prefix_path) check parameters
[0.400s] Level 1:colcon.colcon_core.package_discovery:discover_packages(prefix_path) discover
[0.403s] DEBUG:colcon.colcon_installed_package_information.package_discovery:Found 287 installed packages in /opt/ros/humble
[0.404s] Level 1:colcon.colcon_core.package_discovery:discover_packages(prefix_path) using defaults
[0.431s] Level 5:colcon.colcon_core.verb:set package 'graph_waypoints_creation' build argument 'cmake_args' from command line to 'None'
[0.431s] Level 5:colcon.colcon_core.verb:set package 'graph_waypoints_creation' build argument 'cmake_target' from command line to 'None'
[0.431s] Level 5:colcon.colcon_core.verb:set package 'graph_waypoints_creation' build argument 'cmake_target_skip_unavailable' from command line to 'False'
[0.431s] Level 5:colcon.colcon_core.verb:set package 'graph_waypoints_creation' build argument 'cmake_clean_cache' from command line to 'False'
[0.431s] Level 5:colcon.colcon_core.verb:set package 'graph_waypoints_creation' build argument 'cmake_clean_first' from command line to 'False'
[0.431s] Level 5:colcon.colcon_core.verb:set package 'graph_waypoints_creation' build argument 'cmake_force_configure' from command line to 'False'
[0.431s] Level 5:colcon.colcon_core.verb:set package 'graph_waypoints_creation' build argument 'ament_cmake_args' from command line to 'None'
[0.431s] Level 5:colcon.colcon_core.verb:set package 'graph_waypoints_creation' build argument 'catkin_cmake_args' from command line to 'None'
[0.431s] Level 5:colcon.colcon_core.verb:set package 'graph_waypoints_creation' build argument 'catkin_skip_building_tests' from command line to 'False'
[0.431s] DEBUG:colcon.colcon_core.verb:Building package 'graph_waypoints_creation' with the following arguments: {'ament_cmake_args': None, 'build_base': '/home/genis/Desktop/sdv_ws/src/Autonomous_dynamic_path_planning/build/graph_waypoints_creation', 'catkin_cmake_args': None, 'catkin_skip_building_tests': False, 'cmake_args': None, 'cmake_clean_cache': False, 'cmake_clean_first': False, 'cmake_force_configure': False, 'cmake_target': None, 'cmake_target_skip_unavailable': False, 'install_base': '/home/genis/Desktop/sdv_ws/src/Autonomous_dynamic_path_planning/install/graph_waypoints_creation', 'merge_install': False, 'path': '/home/genis/Desktop/sdv_ws/src/Autonomous_dynamic_path_planning/graph_waypoints_creation', 'symlink_install': False, 'test_result_base': None}
[0.431s] INFO:colcon.colcon_core.executor:Executing jobs using 'parallel' executor
[0.432s] DEBUG:colcon.colcon_parallel_executor.executor.parallel:run_until_complete
[0.432s] INFO:colcon.colcon_ros.task.ament_cmake.build:Building ROS package in '/home/genis/Desktop/sdv_ws/src/Autonomous_dynamic_path_planning/graph_waypoints_creation' with build type 'ament_cmake'
[0.432s] INFO:colcon.colcon_cmake.task.cmake.build:Building CMake package in '/home/genis/Desktop/sdv_ws/src/Autonomous_dynamic_path_planning/graph_waypoints_creation'
[0.437s] INFO:colcon.colcon_core.plugin_system:Skipping extension 'colcon_core.shell.bat': Not used on non-Windows systems
[0.437s] INFO:colcon.colcon_core.shell:Skip shell extension 'powershell' for command environment: Not usable outside of PowerShell
[0.437s] DEBUG:colcon.colcon_core.shell:Skip shell extension 'dsv' for command environment
[0.443s] DEBUG:colcon.colcon_core.event_handler.log_command:Invoking command in '/home/genis/Desktop/sdv_ws/src/Autonomous_dynamic_path_planning/build/graph_waypoints_creation': CMAKE_PREFIX_PATH=/opt/ros/humble /usr/bin/cmake /home/genis/Desktop/sdv_ws/src/Autonomous_dynamic_path_planning/graph_waypoints_creation -DCMAKE_INSTALL_PREFIX=/home/genis/Desktop/sdv_ws/src/Autonomous_dynamic_path_planning/install/graph_waypoints_creation
[1.098s] DEBUG:colcon.colcon_core.event_handler.log_command:Invoked command in '/home/genis/Desktop/sdv_ws/src/Autonomous_dynamic_path_planning/build/graph_waypoints_creation' returned '0': CMAKE_PREFIX_PATH=/opt/ros/humble /usr/bin/cmake /home/genis/Desktop/sdv_ws/src/Autonomous_dynamic_path_planning/graph_waypoints_creation -DCMAKE_INSTALL_PREFIX=/home/genis/Desktop/sdv_ws/src/Autonomous_dynamic_path_planning/install/graph_waypoints_creation
[1.101s] DEBUG:colcon.colcon_core.event_handler.log_command:Invoking command in '/home/genis/Desktop/sdv_ws/src/Autonomous_dynamic_path_planning/build/graph_waypoints_creation': CMAKE_PREFIX_PATH=/opt/ros/humble /usr/bin/cmake --build /home/genis/Desktop/sdv_ws/src/Autonomous_dynamic_path_planning/build/graph_waypoints_creation -- -j16 -l16
[1.138s] DEBUG:colcon.colcon_core.event_handler.log_command:Invoked command in '/home/genis/Desktop/sdv_ws/src/Autonomous_dynamic_path_planning/build/graph_waypoints_creation' returned '0': CMAKE_PREFIX_PATH=/opt/ros/humble /usr/bin/cmake --build /home/genis/Desktop/sdv_ws/src/Autonomous_dynamic_path_planning/build/graph_waypoints_creation -- -j16 -l16
[1.149s] DEBUG:colcon.colcon_core.event_handler.log_command:Invoking command in '/home/genis/Desktop/sdv_ws/src/Autonomous_dynamic_path_planning/build/graph_waypoints_creation': CMAKE_PREFIX_PATH=/opt/ros/humble /usr/bin/cmake --install /home/genis/Desktop/sdv_ws/src/Autonomous_dynamic_path_planning/build/graph_waypoints_creation
[1.159s] Level 1:colcon.colcon_core.environment:create_environment_scripts_only(graph_waypoints_creation)
[1.160s] DEBUG:colcon.colcon_core.event_handler.log_command:Invoked command in '/home/genis/Desktop/sdv_ws/src/Autonomous_dynamic_path_planning/build/graph_waypoints_creation' returned '0': CMAKE_PREFIX_PATH=/opt/ros/humble /usr/bin/cmake --install /home/genis/Desktop/sdv_ws/src/Autonomous_dynamic_path_planning/build/graph_waypoints_creation
[1.164s] Level 1:colcon.colcon_core.environment:checking '/home/genis/Desktop/sdv_ws/src/Autonomous_dynamic_path_planning/install/graph_waypoints_creation' for CMake module files
[1.165s] Level 1:colcon.colcon_core.environment:checking '/home/genis/Desktop/sdv_ws/src/Autonomous_dynamic_path_planning/install/graph_waypoints_creation' for CMake config files
[1.165s] Level 1:colcon.colcon_core.shell:create_environment_hook('graph_waypoints_creation', 'cmake_prefix_path')
[1.165s] INFO:colcon.colcon_core.shell:Creating environment hook '/home/genis/Desktop/sdv_ws/src/Autonomous_dynamic_path_planning/install/graph_waypoints_creation/share/graph_waypoints_creation/hook/cmake_prefix_path.ps1'
[1.166s] INFO:colcon.colcon_core.shell:Creating environment descriptor '/home/genis/Desktop/sdv_ws/src/Autonomous_dynamic_path_planning/install/graph_waypoints_creation/share/graph_waypoints_creation/hook/cmake_prefix_path.dsv'
[1.166s] INFO:colcon.colcon_core.shell:Creating environment hook '/home/genis/Desktop/sdv_ws/src/Autonomous_dynamic_path_planning/install/graph_waypoints_creation/share/graph_waypoints_creation/hook/cmake_prefix_path.sh'
[1.167s] Level 1:colcon.colcon_core.environment:checking '/home/genis/Desktop/sdv_ws/src/Autonomous_dynamic_path_planning/install/graph_waypoints_creation/bin'
[1.167s] Level 1:colcon.colcon_core.environment:checking '/home/genis/Desktop/sdv_ws/src/Autonomous_dynamic_path_planning/install/graph_waypoints_creation/lib/pkgconfig/graph_waypoints_creation.pc'
[1.167s] Level 1:colcon.colcon_core.environment:checking '/home/genis/Desktop/sdv_ws/src/Autonomous_dynamic_path_planning/install/graph_waypoints_creation/lib/python3.10/site-packages'
[1.168s] Level 1:colcon.colcon_core.environment:checking '/home/genis/Desktop/sdv_ws/src/Autonomous_dynamic_path_planning/install/graph_waypoints_creation/bin'
[1.168s] INFO:colcon.colcon_core.shell:Creating package script '/home/genis/Desktop/sdv_ws/src/Autonomous_dynamic_path_planning/install/graph_waypoints_creation/share/graph_waypoints_creation/package.ps1'
[1.168s] INFO:colcon.colcon_core.shell:Creating package descriptor '/home/genis/Desktop/sdv_ws/src/Autonomous_dynamic_path_planning/install/graph_waypoints_creation/share/graph_waypoints_creation/package.dsv'
[1.169s] INFO:colcon.colcon_core.shell:Creating package script '/home/genis/Desktop/sdv_ws/src/Autonomous_dynamic_path_planning/install/graph_waypoints_creation/share/graph_waypoints_creation/package.sh'
[1.169s] INFO:colcon.colcon_core.shell:Creating package script '/home/genis/Desktop/sdv_ws/src/Autonomous_dynamic_path_planning/install/graph_waypoints_creation/share/graph_waypoints_creation/package.bash'
[1.170s] INFO:colcon.colcon_core.shell:Creating package script '/home/genis/Desktop/sdv_ws/src/Autonomous_dynamic_path_planning/install/graph_waypoints_creation/share/graph_waypoints_creation/package.zsh'
[1.171s] Level 1:colcon.colcon_core.environment:create_file_with_runtime_dependencies(/home/genis/Desktop/sdv_ws/src/Autonomous_dynamic_path_planning/install/graph_waypoints_creation/share/colcon-core/packages/graph_waypoints_creation)
[1.171s] Level 1:colcon.colcon_core.environment:create_environment_scripts_only(graph_waypoints_creation)
[1.171s] Level 1:colcon.colcon_core.environment:checking '/home/genis/Desktop/sdv_ws/src/Autonomous_dynamic_path_planning/install/graph_waypoints_creation' for CMake module files
[1.172s] Level 1:colcon.colcon_core.environment:checking '/home/genis/Desktop/sdv_ws/src/Autonomous_dynamic_path_planning/install/graph_waypoints_creation' for CMake config files
[1.172s] Level 1:colcon.colcon_core.shell:create_environment_hook('graph_waypoints_creation', 'cmake_prefix_path')
[1.172s] INFO:colcon.colcon_core.shell:Creating environment hook '/home/genis/Desktop/sdv_ws/src/Autonomous_dynamic_path_planning/install/graph_waypoints_creation/share/graph_waypoints_creation/hook/cmake_prefix_path.ps1'
[1.172s] INFO:colcon.colcon_core.shell:Creating environment descriptor '/home/genis/Desktop/sdv_ws/src/Autonomous_dynamic_path_planning/install/graph_waypoints_creation/share/graph_waypoints_creation/hook/cmake_prefix_path.dsv'
[1.172s] INFO:colcon.colcon_core.shell:Creating environment hook '/home/genis/Desktop/sdv_ws/src/Autonomous_dynamic_path_planning/install/graph_waypoints_creation/share/graph_waypoints_creation/hook/cmake_prefix_path.sh'
[1.173s] Level 1:colcon.colcon_core.environment:checking '/home/genis/Desktop/sdv_ws/src/Autonomous_dynamic_path_planning/install/graph_waypoints_creation/bin'
[1.173s] Level 1:colcon.colcon_core.environment:checking '/home/genis/Desktop/sdv_ws/src/Autonomous_dynamic_path_planning/install/graph_waypoints_creation/lib/pkgconfig/graph_waypoints_creation.pc'
[1.173s] Level 1:colcon.colcon_core.environment:checking '/home/genis/Desktop/sdv_ws/src/Autonomous_dynamic_path_planning/install/graph_waypoints_creation/lib/python3.10/site-packages'
[1.173s] Level 1:colcon.colcon_core.environment:checking '/home/genis/Desktop/sdv_ws/src/Autonomous_dynamic_path_planning/install/graph_waypoints_creation/bin'
[1.173s] INFO:colcon.colcon_core.shell:Creating package script '/home/genis/Desktop/sdv_ws/src/Autonomous_dynamic_path_planning/install/graph_waypoints_creation/share/graph_waypoints_creation/package.ps1'
[1.174s] INFO:colcon.colcon_core.shell:Creating package descriptor '/home/genis/Desktop/sdv_ws/src/Autonomous_dynamic_path_planning/install/graph_waypoints_creation/share/graph_waypoints_creation/package.dsv'
[1.174s] INFO:colcon.colcon_core.shell:Creating package script '/home/genis/Desktop/sdv_ws/src/Autonomous_dynamic_path_planning/install/graph_waypoints_creation/share/graph_waypoints_creation/package.sh'
[1.174s] INFO:colcon.colcon_core.shell:Creating package script '/home/genis/Desktop/sdv_ws/src/Autonomous_dynamic_path_planning/install/graph_waypoints_creation/share/graph_waypoints_creation/package.bash'
[1.174s] INFO:colcon.colcon_core.shell:Creating package script '/home/genis/Desktop/sdv_ws/src/Autonomous_dynamic_path_planning/install/graph_waypoints_creation/share/graph_waypoints_creation/package.zsh'
[1.175s] Level 1:colcon.colcon_core.environment:create_file_with_runtime_dependencies(/home/genis/Desktop/sdv_ws/src/Autonomous_dynamic_path_planning/install/graph_waypoints_creation/share/colcon-core/packages/graph_waypoints_creation)
[1.175s] DEBUG:colcon.colcon_parallel_executor.executor.parallel:closing loop
[1.175s] DEBUG:colcon.colcon_parallel_executor.executor.parallel:loop closed
[1.175s] DEBUG:colcon.colcon_parallel_executor.executor.parallel:run_until_complete finished with '0'
[1.175s] DEBUG:colcon.colcon_core.event_reactor:joining thread
[1.181s] INFO:colcon.colcon_core.plugin_system:Skipping extension 'colcon_notification.desktop_notification.terminal_notifier': Not used on non-Darwin systems
[1.181s] INFO:colcon.colcon_core.plugin_system:Skipping extension 'colcon_notification.desktop_notification.win32': Not used on non-Windows systems
[1.181s] INFO:colcon.colcon_notification.desktop_notification:Sending desktop notification using 'notify2'
[1.196s] DEBUG:colcon.colcon_core.event_reactor:joined thread
[1.197s] INFO:colcon.colcon_core.shell:Creating prefix script '/home/genis/Desktop/sdv_ws/src/Autonomous_dynamic_path_planning/install/local_setup.ps1'
[1.198s] INFO:colcon.colcon_core.shell:Creating prefix util module '/home/genis/Desktop/sdv_ws/src/Autonomous_dynamic_path_planning/install/_local_setup_util_ps1.py'
[1.199s] INFO:colcon.colcon_core.shell:Creating prefix chain script '/home/genis/Desktop/sdv_ws/src/Autonomous_dynamic_path_planning/install/setup.ps1'
[1.200s] INFO:colcon.colcon_core.shell:Creating prefix script '/home/genis/Desktop/sdv_ws/src/Autonomous_dynamic_path_planning/install/local_setup.sh'
[1.200s] INFO:colcon.colcon_core.shell:Creating prefix util module '/home/genis/Desktop/sdv_ws/src/Autonomous_dynamic_path_planning/install/_local_setup_util_sh.py'
[1.201s] INFO:colcon.colcon_core.shell:Creating prefix chain script '/home/genis/Desktop/sdv_ws/src/Autonomous_dynamic_path_planning/install/setup.sh'
[1.202s] INFO:colcon.colcon_core.shell:Creating prefix script '/home/genis/Desktop/sdv_ws/src/Autonomous_dynamic_path_planning/install/local_setup.bash'
[1.202s] INFO:colcon.colcon_core.shell:Creating prefix chain script '/home/genis/Desktop/sdv_ws/src/Autonomous_dynamic_path_planning/install/setup.bash'
[1.203s] INFO:colcon.colcon_core.shell:Creating prefix script '/home/genis/Desktop/sdv_ws/src/Autonomous_dynamic_path_planning/install/local_setup.zsh'
[1.203s] INFO:colcon.colcon_core.shell:Creating prefix chain script '/home/genis/Desktop/sdv_ws/src/Autonomous_dynamic_path_planning/install/setup.zsh'
